This file contains any messages produced by compilers while
running configure, to aid debugging if configure makes a mistake.

It was created by configure, which was
generated by GNU Autoconf 2.63.  Invocation command line was

  $ ./configure 

## --------- ##
## Platform. ##
## --------- ##

hostname = MINGOV
uname -m = i686
uname -r = 1.0.11(0.46/3/2)
uname -s = MINGW32_NT-6.0
uname -v = 2008-08-25 23:40

/usr/bin/uname -p = unknown
/bin/uname -X     = unknown

/bin/arch              = unknown
/usr/bin/arch -k       = unknown
/usr/convex/getsysinfo = unknown
/usr/bin/hostinfo      = unknown
/bin/machine           = unknown
/usr/bin/oslevel       = unknown
/bin/universe          = unknown

PATH: /c/tdmingw/bin
PATH: .
PATH: /usr/local/bin
PATH: /mingw/bin
PATH: /bin
PATH: /c/program files/bcx devsuite pro/bin
PATH: /c/Windows/Microsoft.NET/Framework/v1.1.4322/
PATH: /c/Program Files/Borland/BDS/4.0/Bin
PATH: /c/Windows/system32
PATH: /c/Windows
PATH: /c/Windows/System32/Wbem
PATH: /c/Program Files/Microsoft SQL Server/90/Tools/binn/
PATH: /c/Program Files/Lua/5.1
PATH: /c/Program Files/Lua/5.1/clibs
PATH: /c/Program Files/TortoiseSVN/bin
PATH: /g/MoSync/bin
PATH: /c/Program Files/CMake 2.8/bin
PATH: /c/Program Files/Portable.NET/0.8.0/bin
PATH: /c/hla
PATH: /c/Agena/bin
PATH: /c/progra~1/softpae/visual~1/bin
PATH: /c/progra~1/softpae/visual~1/compiler/bin


## ----------- ##
## Core tests. ##
## ----------- ##

configure:2339: checking for gcc
configure:2366: result: gcc
configure:2598: checking for C compiler version
configure:2606: gcc --version >&5
gcc.exe (TDM-2 mingw32) 4.4.1
Copyright (C) 2009 Free Software Foundation, Inc.
This is free software; see the source for copying conditions.  There is NO
warranty; not even for MERCHANTABILITY or FITNESS FOR A PARTICULAR PURPOSE.

configure:2610: $? = 0
configure:2617: gcc -v >&5
Using built-in specs.
Target: mingw32
Configured with: ../../gcc-4.4.1/configure --prefix=/mingw --build=mingw32 --enable-languages=c,ada,c++,fortran,objc,obj-c++ --disable-nls --disable-win32-registry --enable-libgomp --enable-cxx-flags='-fno-function-sections -fno-data-sections' --disable-werror --enable-threads --disable-symvers --enable-version-specific-runtime-libs --enable-fully-dynamic-string --with-pkgversion='TDM-2 mingw32' --enable-sjlj-exceptions --with-bugurl=http://www.tdragon.net/recentgcc/bugs.php
Thread model: win32
gcc version 4.4.1 (TDM-2 mingw32) 
configure:2621: $? = 0
configure:2628: gcc -V >&5
gcc.exe: '-V' option must have argument
configure:2632: $? = 1
configure:2655: checking for C compiler default output file name
configure:2677: gcc -pipe -O2 -mms-bitfields -march=i686 -mno-cygwin  -mno-cygwin  -mno-cygwin conftest.c  >&5
configure:2681: $? = 0
configure:2719: result: a.exe
configure:2738: checking whether the C compiler works
configure:2748: ./a.exe
configure:2752: $? = 0
configure:2771: result: yes
configure:2778: checking whether we are cross compiling
configure:2780: result: no
configure:2783: checking for suffix of executables
configure:2790: gcc -o conftest.exe -pipe -O2 -mms-bitfields -march=i686 -mno-cygwin  -mno-cygwin  -mno-cygwin conftest.c  >&5
configure:2794: $? = 0
configure:2820: result: .exe
configure:2826: checking for suffix of object files
configure:2852: gcc -c -pipe -O2 -mms-bitfields -march=i686 -mno-cygwin  -mno-cygwin conftest.c >&5
configure:2856: $? = 0
configure:2881: result: o
configure:2885: checking whether we are using the GNU C compiler
configure:2914: gcc -c -pipe -O2 -mms-bitfields -march=i686 -mno-cygwin  -mno-cygwin conftest.c >&5
configure:2921: $? = 0
configure:2938: result: yes
configure:2947: checking whether gcc accepts -g
configure:2977: gcc -c -g  -mno-cygwin conftest.c >&5
configure:2984: $? = 0
configure:3085: result: yes
configure:3102: checking for gcc option to accept ISO C89
configure:3176: gcc  -c -pipe -O2 -mms-bitfields -march=i686 -mno-cygwin  -mno-cygwin conftest.c >&5
configure:3183: $? = 0
configure:3206: result: none needed
configure:3282: checking for g++
configure:3298: found /c/tdmingw/bin/g++
configure:3309: result: g++
configure:3336: checking for C++ compiler version
configure:3344: g++ --version >&5
g++.exe (TDM-2 mingw32) 4.4.1
Copyright (C) 2009 Free Software Foundation, Inc.
This is free software; see the source for copying conditions.  There is NO
warranty; not even for MERCHANTABILITY or FITNESS FOR A PARTICULAR PURPOSE.

configure:3348: $? = 0
configure:3355: g++ -v >&5
Using built-in specs.
Target: mingw32
Configured with: ../../gcc-4.4.1/configure --prefix=/mingw --build=mingw32 --enable-languages=c,ada,c++,fortran,objc,obj-c++ --disable-nls --disable-win32-registry --enable-libgomp --enable-cxx-flags='-fno-function-sections -fno-data-sections' --disable-werror --enable-threads --disable-symvers --enable-version-specific-runtime-libs --enable-fully-dynamic-string --with-pkgversion='TDM-2 mingw32' --enable-sjlj-exceptions --with-bugurl=http://www.tdragon.net/recentgcc/bugs.php
Thread model: win32
gcc version 4.4.1 (TDM-2 mingw32) 
configure:3359: $? = 0
configure:3366: g++ -V >&5
g++.exe: '-V' option must have argument
configure:3370: $? = 1
configure:3373: checking whether we are using the GNU C++ compiler
configure:3402: g++ -c  -mno-cygwin  -mno-cygwin conftest.cpp >&5
configure:3409: $? = 0
configure:3426: result: yes
configure:3435: checking whether g++ accepts -g
configure:3465: g++ -c -g  -mno-cygwin conftest.cpp >&5
configure:3472: $? = 0
configure:3573: result: yes
configure:3641: checking for a BSD-compatible install
configure:3709: result: /bin/install -c
configure:3731: checking for nroff
configure:3764: result: no
configure:3819: checking for htmldoc
configure:3852: result: no
configure:3859: checking for doxygen
configure:3892: result: no
configure:3941: checking for ranlib
configure:3957: found /c/tdmingw/bin/ranlib
configure:3968: result: ranlib
configure:3992: checking for ar
configure:4010: found /c/tdmingw/bin/ar
configure:4022: result: /c/tdmingw/bin/ar
configure:4051: checking how to run the C preprocessor
configure:4091: gcc -E  -mno-cygwin conftest.c
configure:4098: $? = 0
configure:4129: gcc -E  -mno-cygwin conftest.c
conftest.c:8:28: error: ac_nonexistent.h: No such file or directory
configure:4136: $? = 1
configure: failed program was:
| /* confdefs.h.  */
| #define PACKAGE_NAME ""
| #define PACKAGE_TARNAME ""
| #define PACKAGE_VERSION ""
| #define PACKAGE_STRING ""
| #define PACKAGE_BUGREPORT ""
| /* end confdefs.h.  */
| #include <ac_nonexistent.h>
configure:4169: result: gcc -E
configure:4198: gcc -E  -mno-cygwin conftest.c
configure:4205: $? = 0
configure:4236: gcc -E  -mno-cygwin conftest.c
conftest.c:8:28: error: ac_nonexistent.h: No such file or directory
configure:4243: $? = 1
configure: failed program was:
| /* confdefs.h.  */
| #define PACKAGE_NAME ""
| #define PACKAGE_TARNAME ""
| #define PACKAGE_VERSION ""
| #define PACKAGE_STRING ""
| #define PACKAGE_BUGREPORT ""
| /* end confdefs.h.  */
| #include <ac_nonexistent.h>
configure:4283: checking for grep that handles long lines and -e
configure:4343: result: /bin/grep
configure:4348: checking for egrep
configure:4412: result: /bin/grep -E
configure:4417: checking for ANSI C header files
configure:4447: gcc -c -pipe -O2 -mms-bitfields -march=i686 -mno-cygwin  -mno-cygwin conftest.c >&5
configure:4454: $? = 0
configure:4553: gcc -o conftest.exe -pipe -O2 -mms-bitfields -march=i686 -mno-cygwin  -mno-cygwin  -mno-cygwin conftest.c  >&5
configure:4557: $? = 0
configure:4563: ./conftest.exe
configure:4567: $? = 0
configure:4585: result: yes
configure:4609: checking for sys/types.h
configure:4630: gcc -c -pipe -O2 -mms-bitfields -march=i686 -mno-cygwin  -mno-cygwin conftest.c >&5
configure:4637: $? = 0
configure:4654: result: yes
configure:4609: checking for sys/stat.h
configure:4630: gcc -c -pipe -O2 -mms-bitfields -march=i686 -mno-cygwin  -mno-cygwin conftest.c >&5
configure:4637: $? = 0
configure:4654: result: yes
configure:4609: checking for stdlib.h
configure:4630: gcc -c -pipe -O2 -mms-bitfields -march=i686 -mno-cygwin  -mno-cygwin conftest.c >&5
configure:4637: $? = 0
configure:4654: result: yes
configure:4609: checking for string.h
configure:4630: gcc -c -pipe -O2 -mms-bitfields -march=i686 -mno-cygwin  -mno-cygwin conftest.c >&5
configure:4637: $? = 0
configure:4654: result: yes
configure:4609: checking for memory.h
configure:4630: gcc -c -pipe -O2 -mms-bitfields -march=i686 -mno-cygwin  -mno-cygwin conftest.c >&5
configure:4637: $? = 0
configure:4654: result: yes
configure:4609: checking for strings.h
configure:4630: gcc -c -pipe -O2 -mms-bitfields -march=i686 -mno-cygwin  -mno-cygwin conftest.c >&5
configure:4637: $? = 0
configure:4654: result: yes

## ---------------- ##
## Cache variables. ##
## ---------------- ##

ac_cv_c_compiler_gnu=yes
ac_cv_cxx_compiler_gnu=yes
ac_cv_env_CCC_set=
ac_cv_env_CCC_value=
ac_cv_env_CC_set=set
ac_cv_env_CC_value=gcc
ac_cv_env_CFLAGS_set=set
ac_cv_env_CFLAGS_value='-pipe -O2 -mms-bitfields -march=i686'
ac_cv_env_CPPFLAGS_set=
ac_cv_env_CPPFLAGS_value=
ac_cv_env_CPP_set=
ac_cv_env_CPP_value=
ac_cv_env_CXXFLAGS_set=
ac_cv_env_CXXFLAGS_value=
ac_cv_env_CXX_set=
ac_cv_env_CXX_value=
ac_cv_env_LDFLAGS_set=
ac_cv_env_LDFLAGS_value=
ac_cv_env_LIBS_set=
ac_cv_env_LIBS_value=
ac_cv_env_XMKMF_set=
ac_cv_env_XMKMF_value=
ac_cv_env_build_alias_set=
ac_cv_env_build_alias_value=
ac_cv_env_host_alias_set=
ac_cv_env_host_alias_value=
ac_cv_env_target_alias_set=
ac_cv_env_target_alias_value=
ac_cv_exeext=.exe
ac_cv_header_memory_h=yes
ac_cv_header_stdc=yes
ac_cv_header_stdlib_h=yes
ac_cv_header_string_h=yes
ac_cv_header_strings_h=yes
ac_cv_header_sys_stat_h=yes
ac_cv_header_sys_types_h=yes
ac_cv_objext=o
ac_cv_path_AR=/c/tdmingw/bin/ar
ac_cv_path_EGREP='/bin/grep -E'
ac_cv_path_GREP=/bin/grep
ac_cv_path_install='/bin/install -c'
ac_cv_prog_CPP='gcc -E'
ac_cv_prog_ac_ct_CC=gcc
ac_cv_prog_ac_ct_CXX=g++
ac_cv_prog_ac_ct_RANLIB=ranlib
ac_cv_prog_cc_c89=
ac_cv_prog_cc_g=yes
ac_cv_prog_cxx_g=yes

## ----------------- ##
## Output variables. ##
## ----------------- ##

AR='/c/tdmingw/bin/ar'
ARCHFLAGS=''
AUDIOLIBS=''
CAIRODIR=''
CAIRODSONAME=''
CAIROFLAGS=''
CAIROLIBBASENAME='libfltk_cairo.a'
CAIROLIBNAME='../lib/libfltk_cairo.a'
CAIROLIBS=''
CAT1EXT=''
CAT3EXT=''
CAT6EXT=''
CC='gcc'
CFLAGS='-pipe -O2 -mms-bitfields -march=i686 -mno-cygwin'
CPP='gcc -E'
CPPFLAGS=' -mno-cygwin'
CXX='g++'
CXXFLAGS=' -mno-cygwin'
DEFS=''
DOXYDOC=''
DSOCOMMAND='echo'
DSOFLAGS=' -mno-cygwin'
DSOLINK=''
DSONAME=''
ECHO_C=''
ECHO_N='-n'
ECHO_T=''
EGREP='/bin/grep -E'
EXEEXT='.exe'
FLDSONAME=''
FLLIBBASENAME='libfltk_forms.a'
FLLIBNAME='../lib/libfltk_forms.a'
FLTKCAIROOPTION=''
FLUID='fluid'
FL_API_VERSION='1.3'
FL_MAJOR_VERSION='1'
FL_MINOR_VERSION='3'
FL_PATCH_VERSION='0'
FTCONFIG=''
GLDEMOS='gldemos'
GLDSONAME=''
GLLIB=''
GLLIBBASENAME='libfltk_gl.a'
GLLIBNAME='../lib/libfltk_gl.a'
GREP='/bin/grep'
GROFF=''
HLINKS=''
HTMLDOC=''
IMAGELIBS=''
IMGDSONAME=''
IMGLIBBASENAME='libfltk_images.a'
IMGLIBNAME='../lib/libfltk_images.a'
INSTALL_DATA='${INSTALL} -m 644'
INSTALL_DESKTOP=''
INSTALL_PROGRAM='${INSTALL}'
INSTALL_SCRIPT='${INSTALL}'
JPEG=''
JPEGINC=''
LARGEFILE=''
LDFLAGS=' -mno-cygwin'
LIBBASENAME='libfltk.a'
LIBCOMMAND='/c/tdmingw/bin/ar cr'
LIBEXT='.a'
LIBNAME='../lib/libfltk.a'
LIBOBJS=''
LIBS=''
LINKFLTK='../lib/libfltk.a'
LINKFLTKCAIRO=''
LINKFLTKFORMS='../lib/libfltk_forms.a'
LINKFLTKGL='../lib/libfltk_gl.a'
LINKFLTKIMG='../lib/libfltk_images.a'
LINKSHARED=' ../lib/libfltk_images.a ../lib/libfltk_forms.a ../lib/libfltk.a'
LTLIBOBJS=''
MAKEDEPEND=''
NROFF=''
OBJEXT='o'
OPTIM=''
OSX_ONLY=''
PACKAGE_BUGREPORT=''
PACKAGE_NAME=''
PACKAGE_STRING=''
PACKAGE_TARNAME=''
PACKAGE_VERSION=''
PATH_SEPARATOR=':'
PNG=''
PNGINC=''
PTHREAD_FLAGS=''
RANLIB='ranlib'
SHAREDSUFFIX=''
SHELL='/bin/sh'
STATICIMAGELIBS=''
THREADS=''
UNINSTALL_DESKTOP=''
XMKMF=''
XPROP=''
X_CFLAGS=''
X_EXTRA_LIBS=''
X_LIBS=''
X_PRE_LIBS=''
ZLIB=''
ZLIBINC=''
ac_ct_CC='gcc'
ac_ct_CXX='g++'
bindir='${exec_prefix}/bin'
build_alias=''
datadir='${datarootdir}'
datarootdir='${prefix}/share'
docdir='${datarootdir}/doc/${PACKAGE}'
dvidir='${docdir}'
exec_prefix='NONE'
host_alias=''
htmldir='${docdir}'
includedir='${prefix}/include'
infodir='${datarootdir}/info'
libdir='${exec_prefix}/lib'
libexecdir='${exec_prefix}/libexec'
localedir='${datarootdir}/locale'
localstatedir='${prefix}/var'
mandir='${datarootdir}/man'
oldincludedir='/usr/include'
pdfdir='${docdir}'
prefix='NONE'
program_transform_name='s,x,x,'
psdir='${docdir}'
sbindir='${exec_prefix}/sbin'
sharedstatedir='${prefix}/com'
sysconfdir='${prefix}/etc'
target_alias=''

## ----------- ##
## confdefs.h. ##
## ----------- ##

#define PACKAGE_NAME ""
#define PACKAGE_TARNAME ""
#define PACKAGE_VERSION ""
#define PACKAGE_STRING ""
#define PACKAGE_BUGREPORT ""
#define STDC_HEADERS 1
#define HAVE_SYS_TYPES_H 1
#define HAVE_SYS_STAT_H 1
#define HAVE_STDLIB_H 1
#define HAVE_STRING_H 1
#define HAVE_MEMORY_H 1

configure: caught signal 2
configure: exit 1
