This file contains any messages produced by compilers while
running configure, to aid debugging if configure makes a mistake.

It was created by bitlib configure 25, which was
generated by GNU Autoconf 2.61.  Invocation command line was

  $ ./configure --with-lua-prefix=../lua-5.1.4/src --with-lua-includes=../lua-5.1.4/src --with-lua-libraries=../lua-5.1.4

## --------- ##
## Platform. ##
## --------- ##

hostname = MINGOV
uname -m = i686
uname -r = 1.0.11(0.46/3/2)
uname -s = MINGW32_NT-6.0
uname -v = 2008-08-25 23:40

/usr/bin/uname -p = unknown
/bin/uname -X     = unknown

/bin/arch              = unknown
/usr/bin/arch -k       = unknown
/usr/convex/getsysinfo = unknown
/usr/bin/hostinfo      = unknown
/bin/machine           = unknown
/usr/bin/oslevel       = unknown
/bin/universe          = unknown

PATH: /c/tdmingw/bin
PATH: .
PATH: /usr/local/bin
PATH: /mingw/bin
PATH: /bin
PATH: /c/program files/bcx devsuite pro/bin
PATH: /c/Windows/Microsoft.NET/Framework/v1.1.4322/
PATH: /c/Program Files/Borland/BDS/4.0/Bin
PATH: /c/Windows/system32
PATH: /c/Windows
PATH: /c/Windows/System32/Wbem
PATH: /c/Program Files/Microsoft SQL Server/90/Tools/binn/
PATH: /c/Program Files/Lua/5.1
PATH: /c/Program Files/Lua/5.1/clibs
PATH: /c/Program Files/TortoiseSVN/bin
PATH: /g/MoSync/bin
PATH: /c/Program Files/CMake 2.8/bin
PATH: /c/Program Files/Portable.NET/0.8.0/bin
PATH: /c/hla
PATH: /c/Agena/bin
PATH: /c/progra~1/softpae/visual~1/bin
PATH: /c/progra~1/softpae/visual~1/compiler/bin


## ----------- ##
## Core tests. ##
## ----------- ##

configure:1990: checking for a BSD-compatible install
configure:2046: result: /bin/install -c
configure:2057: checking whether build environment is sane
configure:2100: result: yes
configure:2128: checking for a thread-safe mkdir -p
configure:2167: result: /bin/mkdir -p
configure:2180: checking for gawk
configure:2196: found /bin/gawk
configure:2207: result: gawk
configure:2218: checking whether make sets $(MAKE)
configure:2239: result: yes
configure:2476: checking for gcc
configure:2503: result: gcc
configure:2741: checking for C compiler version
configure:2748: gcc --version >&5
gcc.exe (TDM-2 mingw32) 4.4.1
Copyright (C) 2009 Free Software Foundation, Inc.
This is free software; see the source for copying conditions.  There is NO
warranty; not even for MERCHANTABILITY or FITNESS FOR A PARTICULAR PURPOSE.

configure:2751: $? = 0
configure:2758: gcc -v >&5
Using built-in specs.
Target: mingw32
Configured with: ../../gcc-4.4.1/configure --prefix=/mingw --build=mingw32 --enable-languages=c,ada,c++,fortran,objc,obj-c++ --disable-nls --disable-win32-registry --enable-libgomp --enable-cxx-flags='-fno-function-sections -fno-data-sections' --disable-werror --enable-threads --disable-symvers --enable-version-specific-runtime-libs --enable-fully-dynamic-string --with-pkgversion='TDM-2 mingw32' --enable-sjlj-exceptions --with-bugurl=http://www.tdragon.net/recentgcc/bugs.php
Thread model: win32
gcc version 4.4.1 (TDM-2 mingw32) 
configure:2761: $? = 0
configure:2768: gcc -V >&5
gcc.exe: '-V' option must have argument
configure:2771: $? = 1
configure:2794: checking for C compiler default output file name
configure:2821: gcc -pipe -O2 -mms-bitfields -march=i686   conftest.c  >&5
configure:2824: $? = 0
configure:2862: result: a.exe
configure:2879: checking whether the C compiler works
configure:2889: ./a.exe
configure:2892: $? = 0
configure:2909: result: yes
configure:2916: checking whether we are cross compiling
configure:2918: result: no
configure:2921: checking for suffix of executables
configure:2928: gcc -o conftest.exe -pipe -O2 -mms-bitfields -march=i686   conftest.c  >&5
configure:2931: $? = 0
configure:2955: result: .exe
configure:2961: checking for suffix of object files
configure:2987: gcc -c -pipe -O2 -mms-bitfields -march=i686  conftest.c >&5
configure:2990: $? = 0
configure:3013: result: o
configure:3017: checking whether we are using the GNU C compiler
configure:3046: gcc -c -pipe -O2 -mms-bitfields -march=i686  conftest.c >&5
configure:3052: $? = 0
configure:3069: result: yes
configure:3074: checking whether gcc accepts -g
configure:3104: gcc -c -g  conftest.c >&5
configure:3110: $? = 0
configure:3209: result: yes
configure:3226: checking for gcc option to accept ISO C89
configure:3300: gcc  -c -pipe -O2 -mms-bitfields -march=i686  conftest.c >&5
configure:3306: $? = 0
configure:3329: result: none needed
configure:3358: checking for style of include used by make
configure:3386: result: GNU
configure:3411: checking dependency style of gcc
configure:3502: result: gcc3
configure:3595: checking build system type
configure:3613: result: i686-pc-mingw32
configure:3635: checking host system type
configure:3650: result: i686-pc-mingw32
configure:3672: checking for a sed that does not truncate output
configure:3728: result: /bin/sed
configure:3731: checking for grep that handles long lines and -e
configure:3805: result: /bin/grep
configure:3810: checking for egrep
configure:3888: result: /bin/grep -E
configure:3904: checking for ld used by gcc
configure:3971: result: c:/tdmingw/mingw32/bin/ld.exe
configure:3980: checking if the linker (c:/tdmingw/mingw32/bin/ld.exe) is GNU ld
configure:3995: result: yes
configure:4000: checking for c:/tdmingw/mingw32/bin/ld.exe option to reload object files
configure:4007: result: -r
configure:4025: checking for BSD-compatible nm
configure:4074: result: /c/tdmingw/bin/nm
configure:4078: checking whether ln -s works
configure:4082: result: yes
configure:4089: checking how to recognize dependent libraries
configure:4275: result: file_magic ^x86 archive import|^x86 DLL
configure:4516: checking how to run the C preprocessor
configure:4556: gcc -E  conftest.c
configure:4562: $? = 0
configure:4593: gcc -E  conftest.c
conftest.c:10:28: error: ac_nonexistent.h: No such file or directory
configure:4599: $? = 1
configure: failed program was:
| /* confdefs.h.  */
| #define PACKAGE_NAME "bitlib"
| #define PACKAGE_TARNAME "bitlib"
| #define PACKAGE_VERSION "25"
| #define PACKAGE_STRING "bitlib 25"
| #define PACKAGE_BUGREPORT "rrt@sc3d.org"
| #define PACKAGE "bitlib"
| #define VERSION "25"
| /* end confdefs.h.  */
| #include <ac_nonexistent.h>
configure:4632: result: gcc -E
configure:4661: gcc -E  conftest.c
configure:4667: $? = 0
configure:4698: gcc -E  conftest.c
conftest.c:10:28: error: ac_nonexistent.h: No such file or directory
configure:4704: $? = 1
configure: failed program was:
| /* confdefs.h.  */
| #define PACKAGE_NAME "bitlib"
| #define PACKAGE_TARNAME "bitlib"
| #define PACKAGE_VERSION "25"
| #define PACKAGE_STRING "bitlib 25"
| #define PACKAGE_BUGREPORT "rrt@sc3d.org"
| #define PACKAGE "bitlib"
| #define VERSION "25"
| /* end confdefs.h.  */
| #include <ac_nonexistent.h>
configure:4742: checking for ANSI C header files
configure:4772: gcc -c -pipe -O2 -mms-bitfields -march=i686  conftest.c >&5
configure:4778: $? = 0
configure:4877: gcc -o conftest.exe -pipe -O2 -mms-bitfields -march=i686   conftest.c  >&5
configure:4880: $? = 0
configure:4886: ./conftest.exe
configure:4889: $? = 0
configure:4906: result: yes
configure:4930: checking for sys/types.h
configure:4951: gcc -c -pipe -O2 -mms-bitfields -march=i686  conftest.c >&5
configure:4957: $? = 0
configure:4973: result: yes
configure:4930: checking for sys/stat.h
configure:4951: gcc -c -pipe -O2 -mms-bitfields -march=i686  conftest.c >&5
configure:4957: $? = 0
configure:4973: result: yes
configure:4930: checking for stdlib.h
configure:4951: gcc -c -pipe -O2 -mms-bitfields -march=i686  conftest.c >&5
configure:4957: $? = 0
configure:4973: result: yes
configure:4930: checking for string.h
configure:4951: gcc -c -pipe -O2 -mms-bitfields -march=i686  conftest.c >&5
configure:4957: $? = 0
configure:4973: result: yes
configure:4930: checking for memory.h
configure:4951: gcc -c -pipe -O2 -mms-bitfields -march=i686  conftest.c >&5
configure:4957: $? = 0
configure:4973: result: yes
configure:4930: checking for strings.h
configure:4951: gcc -c -pipe -O2 -mms-bitfields -march=i686  conftest.c >&5
configure:4957: $? = 0
configure:4973: result: yes
configure:4930: checking for inttypes.h
configure:4951: gcc -c -pipe -O2 -mms-bitfields -march=i686  conftest.c >&5
configure:4957: $? = 0
configure:4973: result: yes
configure:4930: checking for stdint.h
configure:4951: gcc -c -pipe -O2 -mms-bitfields -march=i686  conftest.c >&5
configure:4957: $? = 0
configure:4973: result: yes
configure:4930: checking for unistd.h
configure:4951: gcc -c -pipe -O2 -mms-bitfields -march=i686  conftest.c >&5
configure:4957: $? = 0
configure:4973: result: yes
configure:5000: checking dlfcn.h usability
configure:5017: gcc -c -pipe -O2 -mms-bitfields -march=i686  conftest.c >&5
conftest.c:53:19: error: dlfcn.h: No such file or directory
configure:5023: $? = 1
configure: failed program was:
| /* confdefs.h.  */
| #define PACKAGE_NAME "bitlib"
| #define PACKAGE_TARNAME "bitlib"
| #define PACKAGE_VERSION "25"
| #define PACKAGE_STRING "bitlib 25"
| #define PACKAGE_BUGREPORT "rrt@sc3d.org"
| #define PACKAGE "bitlib"
| #define VERSION "25"
| #define STDC_HEADERS 1
| #define HAVE_SYS_TYPES_H 1
| #define HAVE_SYS_STAT_H 1
| #define HAVE_STDLIB_H 1
| #define HAVE_STRING_H 1
| #define HAVE_MEMORY_H 1
| #define HAVE_STRINGS_H 1
| #define HAVE_INTTYPES_H 1
| #define HAVE_STDINT_H 1
| #define HAVE_UNISTD_H 1
| /* end confdefs.h.  */
| #include <stdio.h>
| #ifdef HAVE_SYS_TYPES_H
| # include <sys/types.h>
| #endif
| #ifdef HAVE_SYS_STAT_H
| # include <sys/stat.h>
| #endif
| #ifdef STDC_HEADERS
| # include <stdlib.h>
| # include <stddef.h>
| #else
| # ifdef HAVE_STDLIB_H
| #  include <stdlib.h>
| # endif
| #endif
| #ifdef HAVE_STRING_H
| # if !defined STDC_HEADERS && defined HAVE_MEMORY_H
| #  include <memory.h>
| # endif
| # include <string.h>
| #endif
| #ifdef HAVE_STRINGS_H
| # include <strings.h>
| #endif
| #ifdef HAVE_INTTYPES_H
| # include <inttypes.h>
| #endif
| #ifdef HAVE_STDINT_H
| # include <stdint.h>
| #endif
| #ifdef HAVE_UNISTD_H
| # include <unistd.h>
| #endif
| #include <dlfcn.h>
configure:5037: result: no
configure:5041: checking dlfcn.h presence
configure:5056: gcc -E  conftest.c
conftest.c:20:19: error: dlfcn.h: No such file or directory
configure:5062: $? = 1
configure: failed program was:
| /* confdefs.h.  */
| #define PACKAGE_NAME "bitlib"
| #define PACKAGE_TARNAME "bitlib"
| #define PACKAGE_VERSION "25"
| #define PACKAGE_STRING "bitlib 25"
| #define PACKAGE_BUGREPORT "rrt@sc3d.org"
| #define PACKAGE "bitlib"
| #define VERSION "25"
| #define STDC_HEADERS 1
| #define HAVE_SYS_TYPES_H 1
| #define HAVE_SYS_STAT_H 1
| #define HAVE_STDLIB_H 1
| #define HAVE_STRING_H 1
| #define HAVE_MEMORY_H 1
| #define HAVE_STRINGS_H 1
| #define HAVE_INTTYPES_H 1
| #define HAVE_STDINT_H 1
| #define HAVE_UNISTD_H 1
| /* end confdefs.h.  */
| #include <dlfcn.h>
configure:5076: result: no
configure:5109: checking for dlfcn.h
configure:5117: result: no
configure:5188: checking for g++
configure:5204: found /c/tdmingw/bin/g++
configure:5215: result: g++
configure:5246: checking for C++ compiler version
configure:5253: g++ --version >&5
g++.exe (TDM-2 mingw32) 4.4.1
Copyright (C) 2009 Free Software Foundation, Inc.
This is free software; see the source for copying conditions.  There is NO
warranty; not even for MERCHANTABILITY or FITNESS FOR A PARTICULAR PURPOSE.

configure:5256: $? = 0
configure:5263: g++ -v >&5
Using built-in specs.
Target: mingw32
Configured with: ../../gcc-4.4.1/configure --prefix=/mingw --build=mingw32 --enable-languages=c,ada,c++,fortran,objc,obj-c++ --disable-nls --disable-win32-registry --enable-libgomp --enable-cxx-flags='-fno-function-sections -fno-data-sections' --disable-werror --enable-threads --disable-symvers --enable-version-specific-runtime-libs --enable-fully-dynamic-string --with-pkgversion='TDM-2 mingw32' --enable-sjlj-exceptions --with-bugurl=http://www.tdragon.net/recentgcc/bugs.php
Thread model: win32
gcc version 4.4.1 (TDM-2 mingw32) 
configure:5266: $? = 0
configure:5273: g++ -V >&5
g++.exe: '-V' option must have argument
configure:5276: $? = 1
configure:5279: checking whether we are using the GNU C++ compiler
configure:5308: g++ -c   conftest.cpp >&5
configure:5314: $? = 0
configure:5331: result: yes
configure:5336: checking whether g++ accepts -g
configure:5366: g++ -c -g  conftest.cpp >&5
configure:5372: $? = 0
configure:5471: result: yes
configure:5496: checking dependency style of g++
configure:5587: result: gcc3
configure:5612: checking how to run the C++ preprocessor
configure:5648: g++ -E  conftest.cpp
configure:5654: $? = 0
configure:5685: g++ -E  conftest.cpp
conftest.cpp:20:28: error: ac_nonexistent.h: No such file or directory
configure:5691: $? = 1
configure: failed program was:
| /* confdefs.h.  */
| #define PACKAGE_NAME "bitlib"
| #define PACKAGE_TARNAME "bitlib"
| #define PACKAGE_VERSION "25"
| #define PACKAGE_STRING "bitlib 25"
| #define PACKAGE_BUGREPORT "rrt@sc3d.org"
| #define PACKAGE "bitlib"
| #define VERSION "25"
| #define STDC_HEADERS 1
| #define HAVE_SYS_TYPES_H 1
| #define HAVE_SYS_STAT_H 1
| #define HAVE_STDLIB_H 1
| #define HAVE_STRING_H 1
| #define HAVE_MEMORY_H 1
| #define HAVE_STRINGS_H 1
| #define HAVE_INTTYPES_H 1
| #define HAVE_STDINT_H 1
| #define HAVE_UNISTD_H 1
| /* end confdefs.h.  */
| #include <ac_nonexistent.h>
configure:5724: result: g++ -E
configure:5753: g++ -E  conftest.cpp
configure:5759: $? = 0
configure:5790: g++ -E  conftest.cpp
conftest.cpp:20:28: error: ac_nonexistent.h: No such file or directory
configure:5796: $? = 1
configure: failed program was:
| /* confdefs.h.  */
| #define PACKAGE_NAME "bitlib"
| #define PACKAGE_TARNAME "bitlib"
| #define PACKAGE_VERSION "25"
| #define PACKAGE_STRING "bitlib 25"
| #define PACKAGE_BUGREPORT "rrt@sc3d.org"
| #define PACKAGE "bitlib"
| #define VERSION "25"
| #define STDC_HEADERS 1
| #define HAVE_SYS_TYPES_H 1
| #define HAVE_SYS_STAT_H 1
| #define HAVE_STDLIB_H 1
| #define HAVE_STRING_H 1
| #define HAVE_MEMORY_H 1
| #define HAVE_STRINGS_H 1
| #define HAVE_INTTYPES_H 1
| #define HAVE_STDINT_H 1
| #define HAVE_UNISTD_H 1
| /* end confdefs.h.  */
| #include <ac_nonexistent.h>
configure:5889: checking for g77
configure:5905: found /mingw/bin/g77
configure:5916: result: g77
configure:5946: checking for Fortran 77 compiler version
configure:5953: g77 --version >&5
GNU Fortran (GCC) 3.4.5 (mingw-vista special r3)
Copyright (C) 2004 Free Software Foundation, Inc.

GNU Fortran comes with NO WARRANTY, to the extent permitted by law.
You may redistribute copies of GNU Fortran
under the terms of the GNU General Public License.
For more information about these matters, see the file named COPYING
or type the command `info -f g77 Copying'.
configure:5956: $? = 0
configure:5963: g77 -v >&5
Reading specs from G:/MinGWPortable/App/MinGW/bin/../lib/gcc/mingw32/3.4.5/specs
Configured with: ../gcc-3.4.5-20060117-3/configure --with-gcc --with-gnu-ld --with-gnu-as --host=mingw32 --target=mingw32 --prefix=/mingw --enable-threads --disable-nls --enable-languages=c,c++,f77,ada,objc,java --disable-win32-registry --disable-shared --enable-sjlj-exceptions --enable-libgcj --disable-java-awt --without-x --enable-java-gc=boehm --disable-libgcj-debug --enable-interpreter --enable-hash-synchronization --enable-libstdcxx-debug
Thread model: win32
gcc version 3.4.5 (mingw-vista special r3)
configure:5966: $? = 0
configure:5973: g77 -V >&5
g77.exe: `-V' option must have argument
configure:5976: $? = 1
configure:5984: checking whether we are using the GNU Fortran 77 compiler
configure:6003: g77 -c  conftest.F >&5
configure:6009: $? = 0
configure:6026: result: yes
configure:6032: checking whether g77 accepts -g
configure:6049: g77 -c -g conftest.f >&5
configure:6055: $? = 0
configure:6071: result: yes
configure:6101: checking the maximum length of command line arguments
configure:6213: result: 8192
configure:6225: checking command to parse /c/tdmingw/bin/nm output from gcc object
configure:6330: gcc -c -pipe -O2 -mms-bitfields -march=i686  conftest.c >&5
configure:6333: $? = 0
configure:6337: /c/tdmingw/bin/nm conftest.o \| sed -n -e 's/^.*[ 	]\([ABCDGIRSTW][ABCDGIRSTW]*\)[ 	][ 	]*\([_A-Za-z][_A-Za-z0-9]*\)\{0,1\}$/\1 \2 \2/p' \> conftest.nm
configure:6340: $? = 0
cannot find nm_test_var in conftest.nm
configure:6330: gcc -c -pipe -O2 -mms-bitfields -march=i686  conftest.c >&5
configure:6333: $? = 0
configure:6337: /c/tdmingw/bin/nm conftest.o \| sed -n -e 's/^.*[ 	]\([ABCDGIRSTW][ABCDGIRSTW]*\)[ 	][ 	]*_\([_A-Za-z][_A-Za-z0-9]*\)\{0,1\}$/\1 _\2 \2/p' \> conftest.nm
configure:6340: $? = 0
configure:6392: gcc -o conftest.exe -pipe -O2 -mms-bitfields -march=i686   conftest.c conftstm.o >&5
configure:6395: $? = 0
configure:6433: result: ok
configure:6437: checking for objdir
configure:6452: result: .libs
configure:6544: checking for ar
configure:6560: found /c/tdmingw/bin/ar
configure:6571: result: ar
configure:6640: checking for ranlib
configure:6656: found /c/tdmingw/bin/ranlib
configure:6667: result: ranlib
configure:6736: checking for strip
configure:6752: found /c/tdmingw/bin/strip
configure:6763: result: strip
configure:7049: checking if gcc supports -fno-rtti -fno-exceptions
configure:7067: gcc -c -pipe -O2 -mms-bitfields -march=i686  -fno-rtti -fno-exceptions conftest.c >&5
cc1.exe: warning: command line option "-fno-rtti" is valid for C++/ObjC++ but not for C
configure:7071: $? = 0
configure:7084: result: no
configure:7099: checking for gcc option to produce PIC
configure:7331: result: -DDLL_EXPORT
configure:7339: checking if gcc PIC flag -DDLL_EXPORT works
configure:7357: gcc -c -pipe -O2 -mms-bitfields -march=i686  -DDLL_EXPORT -DPIC conftest.c >&5
configure:7361: $? = 0
configure:7374: result: yes
configure:7402: checking if gcc static flag -static works
configure:7430: result: yes
configure:7440: checking if gcc supports -c -o file.o
configure:7461: gcc -c -pipe -O2 -mms-bitfields -march=i686  -o out/conftest2.o conftest.c >&5
configure:7465: $? = 0
configure:7487: result: yes
configure:7513: checking whether the gcc linker (c:/tdmingw/mingw32/bin/ld.exe) supports shared libraries
configure:8494: result: yes
configure:8515: checking whether -lc should be explicitly linked in
configure:8520: gcc -c -pipe -O2 -mms-bitfields -march=i686  conftest.c >&5
configure:8523: $? = 0
configure:8538: gcc -shared conftest.o  -v -o ./conftest -Wl,--enable-auto-image-base -Xlinker --out-implib -Xlinker conftest 2\>\&1 \| grep  -lc  \>/dev/null 2\>\&1
configure:8541: $? = 1
configure:8553: result: yes
configure:8561: checking dynamic linker characteristics
configure:9175: result: Win32 ld.exe
configure:9184: checking how to hardcode library paths into programs
configure:9209: result: immediate
configure:9223: checking whether stripping libraries is possible
configure:9228: result: yes
configure:10030: checking if libtool supports shared libraries
configure:10032: result: yes
configure:10035: checking whether to build shared libraries
configure:10056: result: yes
configure:10059: checking whether to build static libraries
configure:10063: result: yes
configure:10156: creating libtool
configure:10744: checking for ld used by g++
configure:10811: result: c:/tdmingw/mingw32/bin/ld.exe
configure:10820: checking if the linker (c:/tdmingw/mingw32/bin/ld.exe) is GNU ld
configure:10835: result: yes
configure:10886: checking whether the g++ linker (c:/tdmingw/mingw32/bin/ld.exe) supports shared libraries
configure:11860: result: yes
configure:11878: g++ -c -g -O2  conftest.cpp >&5
configure:11881: $? = 0
configure:12033: checking for g++ option to produce PIC
configure:12317: result: -DDLL_EXPORT
configure:12325: checking if g++ PIC flag -DDLL_EXPORT works
configure:12343: g++ -c -g -O2  -DDLL_EXPORT -DPIC conftest.cpp >&5
configure:12347: $? = 0
configure:12360: result: yes
configure:12388: checking if g++ static flag -static works
configure:12416: result: yes
configure:12426: checking if g++ supports -c -o file.o
configure:12447: g++ -c -g -O2  -o out/conftest2.o conftest.cpp >&5
configure:12451: $? = 0
configure:12473: result: yes
configure:12499: checking whether the g++ linker (c:/tdmingw/mingw32/bin/ld.exe) supports shared libraries
configure:12527: result: yes
configure:12594: checking dynamic linker characteristics
configure:13156: result: Win32 ld.exe
configure:13165: checking how to hardcode library paths into programs
configure:13190: result: immediate
configure:13724: checking if libtool supports shared libraries
configure:13726: result: yes
configure:13729: checking whether to build shared libraries
configure:13749: result: yes
configure:13752: checking whether to build static libraries
configure:13756: result: yes
configure:13766: checking for g77 option to produce PIC
configure:13998: result: -DDLL_EXPORT
configure:14006: checking if g77 PIC flag -DDLL_EXPORT works
configure:14024: g77 -c -g -O2 -DDLL_EXPORT conftest.f >&5
configure:14028: $? = 0
configure:14041: result: yes
configure:14069: checking if g77 static flag -static works
configure:14097: result: yes
configure:14107: checking if g77 supports -c -o file.o
configure:14128: g77 -c -g -O2 -o out/conftest2.o conftest.f >&5
configure:14132: $? = 0
configure:14154: result: yes
configure:14180: checking whether the g77 linker (c:/tdmingw/mingw32/bin/ld.exe) supports shared libraries
configure:15141: result: yes
configure:15208: checking dynamic linker characteristics
configure:15770: result: Win32 ld.exe
configure:15779: checking how to hardcode library paths into programs
configure:15804: result: immediate
configure:19396: checking for ANSI C header files
configure:19560: result: yes
configure:19587: checking fcntl.h usability
configure:19604: gcc -c -pipe -O2 -mms-bitfields -march=i686 -Wall -W -Wmissing-prototypes -Wstrict-prototypes -pedantic  conftest.c >&5
configure:19610: $? = 0
configure:19624: result: yes
configure:19628: checking fcntl.h presence
configure:19643: gcc -E  conftest.c
configure:19649: $? = 0
configure:19663: result: yes
configure:19696: checking for fcntl.h
configure:19704: result: yes
configure:19577: checking for unistd.h
configure:19583: result: yes
configure:19587: checking byteswap.h usability
configure:19604: gcc -c -pipe -O2 -mms-bitfields -march=i686 -Wall -W -Wmissing-prototypes -Wstrict-prototypes -pedantic  conftest.c >&5
conftest.c:56:22: error: byteswap.h: No such file or directory
configure:19610: $? = 1
configure: failed program was:
| /* confdefs.h.  */
| #define PACKAGE_NAME "bitlib"
| #define PACKAGE_TARNAME "bitlib"
| #define PACKAGE_VERSION "25"
| #define PACKAGE_STRING "bitlib 25"
| #define PACKAGE_BUGREPORT "rrt@sc3d.org"
| #define PACKAGE "bitlib"
| #define VERSION "25"
| #define STDC_HEADERS 1
| #define HAVE_SYS_TYPES_H 1
| #define HAVE_SYS_STAT_H 1
| #define HAVE_STDLIB_H 1
| #define HAVE_STRING_H 1
| #define HAVE_MEMORY_H 1
| #define HAVE_STRINGS_H 1
| #define HAVE_INTTYPES_H 1
| #define HAVE_STDINT_H 1
| #define HAVE_UNISTD_H 1
| #define STDC_HEADERS 1
| #define HAVE_FCNTL_H 1
| #define HAVE_UNISTD_H 1
| /* end confdefs.h.  */
| #include <stdio.h>
| #ifdef HAVE_SYS_TYPES_H
| # include <sys/types.h>
| #endif
| #ifdef HAVE_SYS_STAT_H
| # include <sys/stat.h>
| #endif
| #ifdef STDC_HEADERS
| # include <stdlib.h>
| # include <stddef.h>
| #else
| # ifdef HAVE_STDLIB_H
| #  include <stdlib.h>
| # endif
| #endif
| #ifdef HAVE_STRING_H
| # if !defined STDC_HEADERS && defined HAVE_MEMORY_H
| #  include <memory.h>
| # endif
| # include <string.h>
| #endif
| #ifdef HAVE_STRINGS_H
| # include <strings.h>
| #endif
| #ifdef HAVE_INTTYPES_H
| # include <inttypes.h>
| #endif
| #ifdef HAVE_STDINT_H
| # include <stdint.h>
| #endif
| #ifdef HAVE_UNISTD_H
| # include <unistd.h>
| #endif
| #include <byteswap.h>
configure:19624: result: no
configure:19628: checking byteswap.h presence
configure:19643: gcc -E  conftest.c
conftest.c:23:22: error: byteswap.h: No such file or directory
configure:19649: $? = 1
configure: failed program was:
| /* confdefs.h.  */
| #define PACKAGE_NAME "bitlib"
| #define PACKAGE_TARNAME "bitlib"
| #define PACKAGE_VERSION "25"
| #define PACKAGE_STRING "bitlib 25"
| #define PACKAGE_BUGREPORT "rrt@sc3d.org"
| #define PACKAGE "bitlib"
| #define VERSION "25"
| #define STDC_HEADERS 1
| #define HAVE_SYS_TYPES_H 1
| #define HAVE_SYS_STAT_H 1
| #define HAVE_STDLIB_H 1
| #define HAVE_STRING_H 1
| #define HAVE_MEMORY_H 1
| #define HAVE_STRINGS_H 1
| #define HAVE_INTTYPES_H 1
| #define HAVE_STDINT_H 1
| #define HAVE_UNISTD_H 1
| #define STDC_HEADERS 1
| #define HAVE_FCNTL_H 1
| #define HAVE_UNISTD_H 1
| /* end confdefs.h.  */
| #include <byteswap.h>
configure:19663: result: no
configure:19696: checking for byteswap.h
configure:19704: result: no
configure:19815: checking for Lua version >= 5.1
configure:19820: result: yes (found 5.1.4)
configure:19858: checking lua.h usability
configure:19875: gcc -c -pipe -O2 -mms-bitfields -march=i686 -Wall -W -Wmissing-prototypes -Wstrict-prototypes -pedantic  -I../lua-5.1.4/src conftest.c >&5
configure:19881: $? = 0
configure:19895: result: yes
configure:19899: checking lua.h presence
configure:19914: gcc -E  -I../lua-5.1.4/src conftest.c
configure:19920: $? = 0
configure:19934: result: yes
configure:19967: checking for lua.h
configure:19975: result: yes
configure:19858: checking lualib.h usability
configure:19875: gcc -c -pipe -O2 -mms-bitfields -march=i686 -Wall -W -Wmissing-prototypes -Wstrict-prototypes -pedantic  -I../lua-5.1.4/src conftest.c >&5
configure:19881: $? = 0
configure:19895: result: yes
configure:19899: checking lualib.h presence
configure:19914: gcc -E  -I../lua-5.1.4/src conftest.c
configure:19920: $? = 0
configure:19934: result: yes
configure:19967: checking for lualib.h
configure:19975: result: yes
configure:20002: checking for exp in -lm
configure:20037: gcc -o conftest.exe -pipe -O2 -mms-bitfields -march=i686 -Wall -W -Wmissing-prototypes -Wstrict-prototypes -pedantic  -I../lua-5.1.4/src  conftest.c -lm   >&5
conftest.c:32: warning: function declaration isn't a prototype
conftest.c:32: warning: conflicting types for built-in function 'exp'
conftest.c:35: warning: function declaration isn't a prototype
configure:20043: $? = 0
configure:20061: result: yes
configure:20067: checking for dlopen in -ldl
configure:20102: gcc -o conftest.exe -pipe -O2 -mms-bitfields -march=i686 -Wall -W -Wmissing-prototypes -Wstrict-prototypes -pedantic  -I../lua-5.1.4/src  conftest.c -ldl   >&5
conftest.c:32: warning: function declaration isn't a prototype
conftest.c:35: warning: function declaration isn't a prototype
c:/tdmingw/bin/../lib/gcc/mingw32/4.4.1/../../../../mingw32/bin/ld.exe: cannot find -ldl
collect2: ld returned 1 exit status
configure:20108: $? = 1
configure: failed program was:
| /* confdefs.h.  */
| #define PACKAGE_NAME "bitlib"
| #define PACKAGE_TARNAME "bitlib"
| #define PACKAGE_VERSION "25"
| #define PACKAGE_STRING "bitlib 25"
| #define PACKAGE_BUGREPORT "rrt@sc3d.org"
| #define PACKAGE "bitlib"
| #define VERSION "25"
| #define STDC_HEADERS 1
| #define HAVE_SYS_TYPES_H 1
| #define HAVE_SYS_STAT_H 1
| #define HAVE_STDLIB_H 1
| #define HAVE_STRING_H 1
| #define HAVE_MEMORY_H 1
| #define HAVE_STRINGS_H 1
| #define HAVE_INTTYPES_H 1
| #define HAVE_STDINT_H 1
| #define HAVE_UNISTD_H 1
| #define STDC_HEADERS 1
| #define HAVE_FCNTL_H 1
| #define HAVE_UNISTD_H 1
| #define HAVE_LUA_H 1
| #define HAVE_LUALIB_H 1
| /* end confdefs.h.  */
| 
| /* Override any GCC internal prototype to avoid an error.
|    Use char because int might match the return type of a GCC
|    builtin and then its argument prototype would still apply.  */
| #ifdef __cplusplus
| extern "C"
| #endif
| char dlopen ();
| int
| main ()
| {
| return dlopen ();
|   ;
|   return 0;
| }
configure:20126: result: no
configure:20133: checking for lua_call in -llua
configure:20168: gcc -o conftest.exe -pipe -O2 -mms-bitfields -march=i686 -Wall -W -Wmissing-prototypes -Wstrict-prototypes -pedantic  -I../lua-5.1.4/src  conftest.c -llua -L../lua-5.1.4  -lm  >&5
conftest.c:32: warning: function declaration isn't a prototype
conftest.c:35: warning: function declaration isn't a prototype
configure:20174: $? = 0
configure:20193: result: yes
configure:20208: checking for liblua version >= 5.0
configure:20245: gcc -o conftest.exe -pipe -O2 -mms-bitfields -march=i686 -Wall -W -Wmissing-prototypes -Wstrict-prototypes -pedantic -I../lua-5.1.4/src  -I../lua-5.1.4/src  conftest.c  -L../lua-5.1.4 -llua  -lm >&5
conftest.c:30: warning: function declaration isn't a prototype
configure:20248: $? = 0
configure:20254: ./conftest.exe
configure:20257: $? = 0
configure:20259: result: yes
configure:20399: creating ./config.status

## ---------------------- ##
## Running config.status. ##
## ---------------------- ##

This file was extended by bitlib config.status 25, which was
generated by GNU Autoconf 2.61.  Invocation command line was

  CONFIG_FILES    = 
  CONFIG_HEADERS  = 
  CONFIG_LINKS    = 
  CONFIG_COMMANDS = 
  $ ./config.status 

on MINGOV

config.status:668: creating Makefile
config.status:668: creating config.h
config.status:899: config.h is unchanged
config.status:945: executing depfiles commands

## ---------------- ##
## Cache variables. ##
## ---------------- ##

ac_cv_build=i686-pc-mingw32
ac_cv_c_compiler_gnu=yes
ac_cv_cxx_compiler_gnu=yes
ac_cv_env_CCC_set=
ac_cv_env_CCC_value=
ac_cv_env_CC_set=set
ac_cv_env_CC_value=gcc
ac_cv_env_CFLAGS_set=set
ac_cv_env_CFLAGS_value='-pipe -O2 -mms-bitfields -march=i686'
ac_cv_env_CPPFLAGS_set=
ac_cv_env_CPPFLAGS_value=
ac_cv_env_CPP_set=
ac_cv_env_CPP_value=
ac_cv_env_CXXCPP_set=
ac_cv_env_CXXCPP_value=
ac_cv_env_CXXFLAGS_set=
ac_cv_env_CXXFLAGS_value=
ac_cv_env_CXX_set=
ac_cv_env_CXX_value=
ac_cv_env_F77_set=
ac_cv_env_F77_value=
ac_cv_env_FFLAGS_set=
ac_cv_env_FFLAGS_value=
ac_cv_env_LDFLAGS_set=
ac_cv_env_LDFLAGS_value=
ac_cv_env_LIBS_set=
ac_cv_env_LIBS_value=
ac_cv_env_build_alias_set=
ac_cv_env_build_alias_value=
ac_cv_env_host_alias_set=
ac_cv_env_host_alias_value=
ac_cv_env_target_alias_set=
ac_cv_env_target_alias_value=
ac_cv_exeext=.exe
ac_cv_f77_compiler_gnu=yes
ac_cv_header_byteswap_h=no
ac_cv_header_dlfcn_h=no
ac_cv_header_fcntl_h=yes
ac_cv_header_inttypes_h=yes
ac_cv_header_lua_h=yes
ac_cv_header_lualib_h=yes
ac_cv_header_memory_h=yes
ac_cv_header_stdc=yes
ac_cv_header_stdint_h=yes
ac_cv_header_stdlib_h=yes
ac_cv_header_string_h=yes
ac_cv_header_strings_h=yes
ac_cv_header_sys_stat_h=yes
ac_cv_header_sys_types_h=yes
ac_cv_header_unistd_h=yes
ac_cv_host=i686-pc-mingw32
ac_cv_lib_dl_dlopen=no
ac_cv_lib_lua___lua_call=yes
ac_cv_lib_m_exp=yes
ac_cv_objext=o
ac_cv_path_EGREP='/bin/grep -E'
ac_cv_path_GREP=/bin/grep
ac_cv_path_install='/bin/install -c'
ac_cv_path_mkdir=/bin/mkdir
ac_cv_prog_AWK=gawk
ac_cv_prog_CPP='gcc -E'
ac_cv_prog_CXXCPP='g++ -E'
ac_cv_prog_ac_ct_AR=ar
ac_cv_prog_ac_ct_CC=gcc
ac_cv_prog_ac_ct_CXX=g++
ac_cv_prog_ac_ct_F77=g77
ac_cv_prog_ac_ct_RANLIB=ranlib
ac_cv_prog_ac_ct_STRIP=strip
ac_cv_prog_cc_c89=
ac_cv_prog_cc_g=yes
ac_cv_prog_cxx_g=yes
ac_cv_prog_f77_g=yes
ac_cv_prog_make_make_set=yes
am_cv_CC_dependencies_compiler_type=gcc3
am_cv_CXX_dependencies_compiler_type=gcc3
lt_cv_deplibs_check_method='file_magic ^x86 archive import|^x86 DLL'
lt_cv_file_magic_cmd=func_win32_libid
lt_cv_file_magic_test_file=
lt_cv_ld_reload_flag=-r
lt_cv_objdir=.libs
lt_cv_path_LD=c:/tdmingw/mingw32/bin/ld.exe
lt_cv_path_LDCXX=c:/tdmingw/mingw32/bin/ld.exe
lt_cv_path_NM=/c/tdmingw/bin/nm
lt_cv_path_SED=/bin/sed
lt_cv_prog_compiler_c_o=yes
lt_cv_prog_compiler_c_o_CXX=yes
lt_cv_prog_compiler_c_o_F77=yes
lt_cv_prog_compiler_rtti_exceptions=no
lt_cv_prog_gnu_ld=yes
lt_cv_prog_gnu_ldcxx=yes
lt_cv_sys_global_symbol_pipe='sed -n -e '\''s/^.*[ 	]\([ABCDGIRSTW][ABCDGIRSTW]*\)[ 	][ 	]*_\([_A-Za-z][_A-Za-z0-9]*\)\{0,1\}$/\1 _\2 \2/p'\'''
lt_cv_sys_global_symbol_to_c_name_address='sed -n -e '\''s/^: \([^ ]*\) $/  {\"\1\", (lt_ptr) 0},/p'\'' -e '\''s/^[BCDEGRST] \([^ ]*\) \([^ ]*\)$/  {"\2", (lt_ptr) \&\2},/p'\'''
lt_cv_sys_global_symbol_to_cdecl='sed -n -e '\''s/^. .* \(.*\)$/extern int \1;/p'\'''
lt_cv_sys_max_cmd_len=8192
lt_lt_cv_prog_compiler_c_o='"yes"'
lt_lt_cv_prog_compiler_c_o_CXX='"yes"'
lt_lt_cv_prog_compiler_c_o_F77='"yes"'
lt_lt_cv_sys_global_symbol_pipe='"sed -n -e '\''s/^.*[ 	]\\([ABCDGIRSTW][ABCDGIRSTW]*\\)[ 	][ 	]*_\\([_A-Za-z][_A-Za-z0-9]*\\)\\{0,1\\}\$/\\1 _\\2 \\2/p'\''"'
lt_lt_cv_sys_global_symbol_to_c_name_address='"sed -n -e '\''s/^: \\([^ ]*\\) \$/  {\\\"\\1\\\", (lt_ptr) 0},/p'\'' -e '\''s/^[BCDEGRST] \\([^ ]*\\) \\([^ ]*\\)\$/  {\"\\2\", (lt_ptr) \\&\\2},/p'\''"'
lt_lt_cv_sys_global_symbol_to_cdecl='"sed -n -e '\''s/^. .* \\(.*\\)\$/extern int \\1;/p'\''"'

## ----------------- ##
## Output variables. ##
## ----------------- ##

ACLOCAL='${SHELL} /g/c/luafltk/bitlib-25/missing --run aclocal-1.10'
AMDEPBACKSLASH='\'
AMDEP_FALSE='#'
AMDEP_TRUE=''
AMTAR='${SHELL} /g/c/luafltk/bitlib-25/missing --run tar'
AR='ar'
AUTOCONF='${SHELL} /g/c/luafltk/bitlib-25/missing --run autoconf'
AUTOHEADER='${SHELL} /g/c/luafltk/bitlib-25/missing --run autoheader'
AUTOMAKE='${SHELL} /g/c/luafltk/bitlib-25/missing --run automake-1.10'
AWK='gawk'
BUILTIN_CAST=''
CC='gcc'
CCDEPMODE='depmode=gcc3'
CFLAGS='-pipe -O2 -mms-bitfields -march=i686 -Wall -W -Wmissing-prototypes -Wstrict-prototypes -pedantic -I../lua-5.1.4/src'
CPP='gcc -E'
CPPFLAGS=' -I../lua-5.1.4/src'
CXX='g++'
CXXCPP='g++ -E'
CXXDEPMODE='depmode=gcc3'
CXXFLAGS='-g -O2'
CYGPATH_W='echo'
DEFS='-DHAVE_CONFIG_H'
DEPDIR='.deps'
ECHO='echo'
ECHO_C=''
ECHO_N='-n'
ECHO_T=''
EGREP='/bin/grep -E'
EXEEXT='.exe'
F77='g77'
FFLAGS='-g -O2'
GREP='/bin/grep'
INSTALL_DATA='${INSTALL} -m 644'
INSTALL_PROGRAM='${INSTALL}'
INSTALL_SCRIPT='${INSTALL}'
INSTALL_STRIP_PROGRAM='$(install_sh) -c -s'
LDFLAGS=''
LIBOBJS=''
LIBS=' -L../lua-5.1.4 -llua  -lm'
LIBTOOL='$(SHELL) $(top_builddir)/libtool'
LIBTOOL_DEPS='./ltmain.sh'
LN_S='ln -s'
LTLIBOBJS=''
LUA='../lua-5.1.4/luasqlite3.exe'
LUA_INCLUDES='-I../lua-5.1.4/src'
LUA_LIBS='-L../lua-5.1.4 -llua  -lm'
MAKEINFO='${SHELL} /g/c/luafltk/bitlib-25/missing --run makeinfo'
OBJEXT='o'
PACKAGE='bitlib'
PACKAGE_BUGREPORT='rrt@sc3d.org'
PACKAGE_NAME='bitlib'
PACKAGE_STRING='bitlib 25'
PACKAGE_TARNAME='bitlib'
PACKAGE_VERSION='25'
PATH_SEPARATOR=':'
RANLIB='ranlib'
SED='/bin/sed'
SET_MAKE=''
SHELL='/bin/sh'
STRIP='strip'
VERSION='25'
ac_ct_CC='gcc'
ac_ct_CXX='g++'
ac_ct_F77='g77'
am__fastdepCC_FALSE='#'
am__fastdepCC_TRUE=''
am__fastdepCXX_FALSE='#'
am__fastdepCXX_TRUE=''
am__include='include'
am__isrc=''
am__leading_dot='.'
am__quote=''
am__tar='${AMTAR} chof - "$$tardir"'
am__untar='${AMTAR} xf -'
bindir='${exec_prefix}/bin'
build='i686-pc-mingw32'
build_alias=''
build_cpu='i686'
build_os='mingw32'
build_vendor='pc'
datadir='${datarootdir}'
datarootdir='${prefix}/share'
docdir='${datarootdir}/doc/${PACKAGE_TARNAME}'
dvidir='${docdir}'
exec_prefix='${prefix}'
host='i686-pc-mingw32'
host_alias=''
host_cpu='i686'
host_os='mingw32'
host_vendor='pc'
htmldir='${docdir}'
includedir='${prefix}/include'
infodir='${datarootdir}/info'
install_sh='$(SHELL) /g/c/luafltk/bitlib-25/install-sh'
libdir='${exec_prefix}/lib'
libexecdir='${exec_prefix}/libexec'
localedir='${datarootdir}/locale'
localstatedir='${prefix}/var'
lualibdir='${libdir}/lua/5.1'
mandir='${datarootdir}/man'
mkdir_p='/bin/mkdir -p'
oldincludedir='/usr/include'
pdfdir='${docdir}'
prefix='/usr/local'
program_transform_name='s,x,x,'
psdir='${docdir}'
sbindir='${exec_prefix}/sbin'
sharedstatedir='${prefix}/com'
sysconfdir='${prefix}/etc'
target_alias=''

## ----------- ##
## confdefs.h. ##
## ----------- ##

#define PACKAGE_NAME "bitlib"
#define PACKAGE_TARNAME "bitlib"
#define PACKAGE_VERSION "25"
#define PACKAGE_STRING "bitlib 25"
#define PACKAGE_BUGREPORT "rrt@sc3d.org"
#define PACKAGE "bitlib"
#define VERSION "25"
#define STDC_HEADERS 1
#define HAVE_SYS_TYPES_H 1
#define HAVE_SYS_STAT_H 1
#define HAVE_STDLIB_H 1
#define HAVE_STRING_H 1
#define HAVE_MEMORY_H 1
#define HAVE_STRINGS_H 1
#define HAVE_INTTYPES_H 1
#define HAVE_STDINT_H 1
#define HAVE_UNISTD_H 1
#define STDC_HEADERS 1
#define HAVE_FCNTL_H 1
#define HAVE_UNISTD_H 1
#define HAVE_LUA_H 1
#define HAVE_LUALIB_H 1

configure: exit 0
